#
# There is insufficient memory for the Java Runtime Environment to continue.
# Native memory allocation (malloc) failed to allocate 1048576 bytes for AllocateHeap
# Possible reasons:
#   The system is out of physical RAM or swap space
#   In 32 bit mode, the process size limit was hit
# Possible solutions:
#   Reduce memory load on the system
#   Increase physical memory or swap space
#   Check if swap backing store is full
#   Use 64 bit Java on a 64 bit OS
#   Decrease Java heap size (-Xmx/-Xms)
#   Decrease number of Java threads
#   Decrease Java thread stack sizes (-Xss)
#   Set larger code cache with -XX:ReservedCodeCacheSize=
# This output file may be truncated or incomplete.
#
#  Out of Memory Error (memory/allocation.inline.hpp:61), pid=15708, tid=0x0000000000000a64
#
# JRE version:  (8.0_151-b12) (build )
# Java VM: Java HotSpot(TM) 64-Bit Server VM (25.151-b12 mixed mode windows-amd64 compressed oops)
# Failed to write core dump. Minidumps are not enabled by default on client versions of Windows
#

---------------  T H R E A D  ---------------

Current thread (0x0000000004b24000):  JavaThread "Unknown thread" [_thread_in_vm, id=2660, stack(0x0000000002cc0000,0x0000000002dc0000)]

Stack: [0x0000000002cc0000,0x0000000002dc0000]
[error occurred during error reporting (printing stack bounds), id 0xc0000005]

Native frames: (J=compiled Java code, j=interpreted, Vv=VM code, C=native code)


---------------  P R O C E S S  ---------------

Java Threads: ( => current thread )

Other Threads:

=>0x0000000004b24000 (exited) JavaThread "Unknown thread" [_thread_in_vm, id=2660, stack(0x0000000002cc0000,0x0000000002dc0000)]

VM state:not at safepoint (normal execution)

VM Mutex/Monitor currently owned by a thread: None

Heap:
 PSYoungGen      total 38400K, used 665K [0x00000000d5d00000, 0x00000000d8780000, 0x0000000100000000)
  eden space 33280K, 2% used [0x00000000d5d00000,0x00000000d5da6670,0x00000000d7d80000)
  from space 5120K, 0% used [0x00000000d8280000,0x00000000d8280000,0x00000000d8780000)
  to   space 5120K, 0% used [0x00000000d7d80000,0x00000000d7d80000,0x00000000d8280000)
 ParOldGen       total 87552K, used 0K [0x0000000081600000, 0x0000000086b80000, 0x00000000d5d00000)
  object space 87552K, 0% used [0x0000000081600000,0x0000000081600000,0x0000000086b80000)
 Metaspace       used 770K, capacity 4480K, committed 4480K, reserved 1056768K
  class space    used 75K, capacity 384K, committed 384K, reserved 1048576K

Card table byte_map: [0x0000000013fe0000,0x00000000143e0000] byte_map_base: 0x0000000013bd5000

Marking Bits: (ParMarkBitMap*) 0x000000006bc8d850
 Begin Bits: [0x0000000014a90000, 0x0000000016a38000)
 End Bits:   [0x0000000016a38000, 0x00000000189e0000)

Polling page: 0x00000000003f0000

CodeCache: size=245760Kb used=328Kb max_used=328Kb free=245431Kb
 bounds [0x0000000004c20000, 0x0000000004e90000, 0x0000000013c20000]
 total_blobs=58 nmethods=0 adapters=38
 compilation: enabled

Compilation events (0 events):
No events

GC Heap History (0 events):
No events

Deoptimization events (0 events):
No events

Internal exceptions (0 events):
No events

Events (10 events):
Event: 0.028 loading class java/lang/Short
Event: 0.028 loading class java/lang/Short done
Event: 0.028 loading class java/lang/Integer
Event: 0.028 loading class java/lang/Integer done
Event: 0.028 loading class java/lang/Long
Event: 0.028 loading class java/lang/Long done
Event: 0.029 loading class java/lang/NullPointerException
Event: 0.029 loading class java/lang/NullPointerException done
Event: 0.029 loading class java/lang/ArithmeticException
Event: 0.029 loading class java/lang/ArithmeticException done


Dynamic libraries:
0x00007ff6ff1e0000 - 0x00007ff6ff217000 	C:\Program Files\Java\jdk1.8.0_151\bin\java.exe
0x00007ff894270000 - 0x00007ff894450000 	C:\WINDOWS\SYSTEM32\ntdll.dll
0x00007ff893950000 - 0x00007ff8939fe000 	C:\WINDOWS\System32\KERNEL32.DLL
0x00007ff890b90000 - 0x00007ff890df6000 	C:\WINDOWS\System32\KERNELBASE.dll
0x00007ff891ab0000 - 0x00007ff891b51000 	C:\WINDOWS\System32\ADVAPI32.dll
0x00007ff891740000 - 0x00007ff8917dd000 	C:\WINDOWS\System32\msvcrt.dll
0x00007ff891a50000 - 0x00007ff891aab000 	C:\WINDOWS\System32\sechost.dll
0x00007ff891930000 - 0x00007ff891a4f000 	C:\WINDOWS\System32\RPCRT4.dll
0x00007ff891b60000 - 0x00007ff891cef000 	C:\WINDOWS\System32\USER32.dll
0x00007ff8907a0000 - 0x00007ff8907c0000 	C:\WINDOWS\System32\win32u.dll
0x00007ff8941f0000 - 0x00007ff894218000 	C:\WINDOWS\System32\GDI32.dll
0x00007ff891550000 - 0x00007ff8916e3000 	C:\WINDOWS\System32\gdi32full.dll
0x00007ff890820000 - 0x00007ff8908bb000 	C:\WINDOWS\System32\msvcp_win.dll
0x00007ff8908c0000 - 0x00007ff8909b6000 	C:\WINDOWS\System32\ucrtbase.dll
0x00007ff889fd0000 - 0x00007ff88a239000 	C:\WINDOWS\WinSxS\amd64_microsoft.windows.common-controls_6595b64144ccf1df_6.0.16299.431_none_15c7d3ee93659e73\COMCTL32.dll
0x00007ff893130000 - 0x00007ff893438000 	C:\WINDOWS\System32\combase.dll
0x00007ff890720000 - 0x00007ff890792000 	C:\WINDOWS\System32\bcryptPrimitives.dll
0x00007ff893600000 - 0x00007ff89362d000 	C:\WINDOWS\System32\IMM32.DLL
0x000000006c710000 - 0x000000006c7e2000 	C:\Program Files\Java\jdk1.8.0_151\jre\bin\msvcr100.dll
0x000000006b470000 - 0x000000006bd0d000 	C:\Program Files\Java\jdk1.8.0_151\jre\bin\server\jvm.dll
0x00007ff8935f0000 - 0x00007ff8935f8000 	C:\WINDOWS\System32\PSAPI.DLL
0x00007ff886b50000 - 0x00007ff886b73000 	C:\WINDOWS\SYSTEM32\WINMM.dll
0x00007ff88c270000 - 0x00007ff88c279000 	C:\WINDOWS\SYSTEM32\WSOCK32.dll
0x00007ff88a2d0000 - 0x00007ff88a2da000 	C:\WINDOWS\SYSTEM32\VERSION.dll
0x00007ff885f50000 - 0x00007ff885f7a000 	C:\WINDOWS\SYSTEM32\WINMMBASE.dll
0x00007ff8916f0000 - 0x00007ff89173a000 	C:\WINDOWS\System32\cfgmgr32.dll
0x00007ff893740000 - 0x00007ff8937ac000 	C:\WINDOWS\System32\WS2_32.dll
0x000000006c700000 - 0x000000006c70f000 	C:\Program Files\Java\jdk1.8.0_151\jre\bin\verify.dll
0x000000006c6d0000 - 0x000000006c6f9000 	C:\Program Files\Java\jdk1.8.0_151\jre\bin\java.dll
0x000000006b360000 - 0x000000006b383000 	C:\Program Files\Java\jdk1.8.0_151\jre\bin\instrument.dll
0x000000006c6b0000 - 0x000000006c6c6000 	C:\Program Files\Java\jdk1.8.0_151\jre\bin\zip.dll

VM Arguments:
jvm_args: -javaagent:C:\Users\ll\idea\IntelliJ IDEA 2017.2.5\lib\idea_rt.jar=51842:C:\Users\ll\idea\IntelliJ IDEA 2017.2.5\bin -Dfile.encoding=UTF-8 
java_command: com.xlauncher.pubish.ServerPoint
java_class_path (initial): C:\Program Files\Java\jdk1.8.0_151\jre\lib\charsets.jar;C:\Program Files\Java\jdk1.8.0_151\jre\lib\deploy.jar;C:\Program Files\Java\jdk1.8.0_151\jre\lib\ext\access-bridge-64.jar;C:\Program Files\Java\jdk1.8.0_151\jre\lib\ext\cldrdata.jar;C:\Program Files\Java\jdk1.8.0_151\jre\lib\ext\dnsns.jar;C:\Program Files\Java\jdk1.8.0_151\jre\lib\ext\jaccess.jar;C:\Program Files\Java\jdk1.8.0_151\jre\lib\ext\jfxrt.jar;C:\Program Files\Java\jdk1.8.0_151\jre\lib\ext\localedata.jar;C:\Program Files\Java\jdk1.8.0_151\jre\lib\ext\nashorn.jar;C:\Program Files\Java\jdk1.8.0_151\jre\lib\ext\sunec.jar;C:\Program Files\Java\jdk1.8.0_151\jre\lib\ext\sunjce_provider.jar;C:\Program Files\Java\jdk1.8.0_151\jre\lib\ext\sunmscapi.jar;C:\Program Files\Java\jdk1.8.0_151\jre\lib\ext\sunpkcs11.jar;C:\Program Files\Java\jdk1.8.0_151\jre\lib\ext\zipfs.jar;C:\Program Files\Java\jdk1.8.0_151\jre\lib\javaws.jar;C:\Program Files\Java\jdk1.8.0_151\jre\lib\jce.jar;C:\Program Files\Java\jdk1.8.0_151\jre\lib\jfr.jar;C:\Program Files\Java\jdk1.8.0_151\jre\lib\jfxswt.jar;C:\Program Files\Java\jdk1.8.0_151\jre\lib\jsse.jar;C:\Program Files\Java\jdk1.8.0_151\jre\lib\management-agent.jar;C:\Program Files\Java\jdk1.8.0_151\jre\lib\plugin.jar;C:\Program Files\Java\jdk1.8.0_151\jre\lib\resources.jar;C:\Program Files\Java\jdk1.8.0_151\jre\lib\rt.jar;C:\Users\ll\WSDLStudy\target\classes;C:\Users\ll\.m2\repository\org\apache\axis2\axis2-spring\1.7.7\axis2-spring-1.7.7.jar;C:\Users\ll\.m2\repository\org\apache\axis2\axis2-kernel\1.7.7\axis2-kernel-1.7.7.jar;C:\Users\ll\.m2\repository\org\apache\ws\commons\axiom\axiom-api\1.2.20\axiom-api-1.2.20.jar;C:\Users\ll\.m2\repository\org\apache\geronimo\specs\geronimo-activation_1.1_spec\1.1\geronimo-activation_1.1_spec-1.1.jar;C:\Users\ll\.m2\repository\jaxen\jaxen\1.1.6\jaxen-1.1.6.jar;C:\Users\ll\.m2\repository\org\apache\geronimo\specs\geronimo-stax-api_1.0_spec\1.0.1\geronimo-stax-api_1.0_spec-1.0.1.jar;C:\Users\ll\.m2\repository\org\apache\ja
Launcher Type: SUN_STANDARD

Environment Variables:
PATH=E:\anaconda;E:\anaconda\Library\mingw-w64\bin;E:\anaconda\Library\usr\bin;E:\anaconda\Library\bin;E:\anaconda\Scripts;C:\Program Files\VanDyke Software\Clients\;C:\ProgramData\Oracle\Java\javapath;C:\Program Files (x86)\Intel\iCLS Client\;C:\Program Files\Intel\iCLS Client\;C:\WINDOWS\system32;C:\WINDOWS;C:\WINDOWS\System32\Wbem;C:\WINDOWS\System32\WindowsPowerShell\v1.0\;C:\Program Files (x86)\Intel\Intel(R) Management Engine Components\DAL;C:\Program Files\Intel\Intel(R) Management Engine Components\DAL;C:\Program Files (x86)\Intel\Intel(R) Management Engine Components\IPT;C:\Program Files\Intel\Intel(R) Management Engine Components\IPT;C:\Users\ll\bin;E:\python36;C:\Users\ll\Git\bin;E:\python36\Scripts;E:\python36\Scripts\pip.exe;C:\Users\ll\AppData\Local\Microsoft\WindowsApps;E:\Fiddler;C:\Users\ll\AppData\Local\GitHubDesktop\bin;%USERPROFILE%\AppData\Local\Microsoft\WindowsApps;
USERNAME=ll
OS=Windows_NT
PROCESSOR_IDENTIFIER=Intel64 Family 6 Model 94 Stepping 3, GenuineIntel



---------------  S Y S T E M  ---------------

OS: Windows 10.0 , 64 bit Build 16299 (10.0.16299.431)

CPU:total 4 (initial active 4) (2 cores per cpu, 2 threads per core) family 6 model 94 stepping 3, cmov, cx8, fxsr, mmx, sse, sse2, sse3, ssse3, sse4.1, sse4.2, popcnt, avx, avx2, aes, clmul, erms, 3dnowpref, lzcnt, ht, tsc, tscinvbit, bmi1, bmi2, adx

Memory: 4k page, physical 8295160k(2112896k free), swap 8295160k(5204k free)

vm_info: Java HotSpot(TM) 64-Bit Server VM (25.151-b12) for windows-amd64 JRE (1.8.0_151-b12), built on Sep  5 2017 19:33:46 by "java_re" with MS VC++ 10.0 (VS2010)

time: Fri May 18 10:35:42 2018
elapsed time: 0 seconds (0d 0h 0m 0s)

